Build started 11/24/2013 5:26:02 PM.
     1>Project "C:\Users\Luis\documents\GitHub\DroneWars1.0\DroneWarz\DroneWarz.vcxproj" on node 2 (Build target(s)).
     1>ClCompile:
         C:\Program Files (x86)\Microsoft Visual Studio 12.0\VC\bin\CL.exe /c /Ic:\allegro\include /ZI /nologo /W3 /WX- /sdl /Od /Oy- /D _MBCS /Gm /EHsc /RTC1 /MDd /GS /fp:precise /Zc:wchar_t /Zc:forScope /Fo"Debug\\" /Fd"Debug\vc120.pdb" /Gd /TP /analyze- /errorReport:prompt ProjectileObject.cpp
         ProjectileObject.cpp
       Link:
         C:\Program Files (x86)\Microsoft Visual Studio 12.0\VC\bin\link.exe /ERRORREPORT:PROMPT /OUT:"C:\Users\Luis\documents\GitHub\DroneWars1.0\Debug\DroneWarz.exe" /INCREMENTAL /NOLOGO /LIBPATH:c:\allegro\lib "allegro-5.0.10-monolith-md-debug.lib" kernel32.lib user32.lib gdi32.lib winspool.lib comdlg32.lib advapi32.lib shell32.lib ole32.lib oleaut32.lib uuid.lib odbc32.lib odbccp32.lib /MANIFEST /MANIFESTUAC:"level='asInvoker' uiAccess='false'" /manifest:embed /DEBUG /PDB:"C:\Users\Luis\documents\GitHub\DroneWars1.0\Debug\DroneWarz.pdb" /TLBID:1 /DYNAMICBASE /NXCOMPAT /IMPLIB:"C:\Users\Luis\documents\GitHub\DroneWars1.0\Debug\DroneWarz.lib" /MACHINE:X86 Debug\Ai.obj
         Debug\BoundaryBox.obj
         Debug\CharacterObject.obj
         Debug\AOEProjectile.obj
         Debug\GameObject.obj
         Debug\main.obj
         Debug\PlayerObject.obj
         Debug\ProjectileObject.obj
         Debug\Reload.obj
         Debug\SpecialAttackObject.obj
         DroneWarz.vcxproj -> C:\Users\Luis\documents\GitHub\DroneWars1.0\Debug\DroneWarz.exe
     1>Done Building Project "C:\Users\Luis\documents\GitHub\DroneWars1.0\DroneWarz\DroneWarz.vcxproj" (Build target(s)).

Build succeeded.

Time Elapsed 00:00:00.67
