D:\DOCUMENTS\VISUALSTUDIOWORKSPACE\DRONEWARZ\DRONEWARZ\DEBUG\AIRBORNEOBJECT.OBJ
D:\DOCUMENTS\VISUALSTUDIOWORKSPACE\DRONEWARZ\DRONEWARZ\DEBUG\MAIN.OBJ
D:\DOCUMENTS\VISUALSTUDIOWORKSPACE\DRONEWARZ\DRONEWARZ\DEBUG\GAMEOBJECT.OBJ
D:\DOCUMENTS\VISUALSTUDIOWORKSPACE\DRONEWARZ\DRONEWARZ\DEBUG\PLANE.OBJ
D:\DOCUMENTS\VISUALSTUDIOWORKSPACE\DRONEWARZ\DRONEWARZ\DEBUG\PROJECTILE.OBJ
D:\DOCUMENTS\VISUALSTUDIOWORKSPACE\DRONEWARZ\DRONEWARZ\DEBUG\VC110.PDB
D:\DOCUMENTS\VISUALSTUDIOWORKSPACE\DRONEWARZ\DEBUG\DRONEWARZ.ILK
D:\DOCUMENTS\VISUALSTUDIOWORKSPACE\DRONEWARZ\DEBUG\DRONEWARZ.EXE
D:\DOCUMENTS\VISUALSTUDIOWORKSPACE\DRONEWARZ\DEBUG\DRONEWARZ.PDB
D:\Documents\visualStudioWorkspace\DroneWarz\DroneWarz\Debug\airborneObject.obj
D:\Documents\visualStudioWorkspace\DroneWarz\DroneWarz\Debug\gameObject.obj
D:\Documents\visualStudioWorkspace\DroneWarz\DroneWarz\Debug\main.obj
D:\Documents\visualStudioWorkspace\DroneWarz\DroneWarz\Debug\plane.obj
D:\Documents\visualStudioWorkspace\DroneWarz\DroneWarz\Debug\projectile.obj
D:\Documents\visualStudioWorkspace\DroneWarz\DroneWarz\Debug\cl.command.1.tlog
D:\Documents\visualStudioWorkspace\DroneWarz\DroneWarz\Debug\CL.read.1.tlog
D:\Documents\visualStudioWorkspace\DroneWarz\DroneWarz\Debug\CL.write.1.tlog
D:\Documents\visualStudioWorkspace\DroneWarz\DroneWarz\Debug\link-cvtres.read.1.tlog
D:\Documents\visualStudioWorkspace\DroneWarz\DroneWarz\Debug\link-cvtres.write.1.tlog
D:\Documents\visualStudioWorkspace\DroneWarz\DroneWarz\Debug\link-rc.read.1.tlog
D:\Documents\visualStudioWorkspace\DroneWarz\DroneWarz\Debug\link-rc.write.1.tlog
D:\Documents\visualStudioWorkspace\DroneWarz\DroneWarz\Debug\link.1316-cvtres.read.1.tlog
D:\Documents\visualStudioWorkspace\DroneWarz\DroneWarz\Debug\link.1316-cvtres.write.1.tlog
D:\Documents\visualStudioWorkspace\DroneWarz\DroneWarz\Debug\link.1316-rc.read.1.tlog
D:\Documents\visualStudioWorkspace\DroneWarz\DroneWarz\Debug\link.1316-rc.write.1.tlog
D:\Documents\visualStudioWorkspace\DroneWarz\DroneWarz\Debug\link.1316.read.1.tlog
D:\Documents\visualStudioWorkspace\DroneWarz\DroneWarz\Debug\link.1316.write.1.tlog
D:\Documents\visualStudioWorkspace\DroneWarz\DroneWarz\Debug\link.2968-cvtres.read.1.tlog
D:\Documents\visualStudioWorkspace\DroneWarz\DroneWarz\Debug\link.2968-cvtres.write.1.tlog
D:\Documents\visualStudioWorkspace\DroneWarz\DroneWarz\Debug\link.2968-rc.read.1.tlog
D:\Documents\visualStudioWorkspace\DroneWarz\DroneWarz\Debug\link.2968-rc.write.1.tlog
D:\Documents\visualStudioWorkspace\DroneWarz\DroneWarz\Debug\link.2968.read.1.tlog
D:\Documents\visualStudioWorkspace\DroneWarz\DroneWarz\Debug\link.2968.write.1.tlog
D:\Documents\visualStudioWorkspace\DroneWarz\DroneWarz\Debug\link.3064-cvtres.read.1.tlog
D:\Documents\visualStudioWorkspace\DroneWarz\DroneWarz\Debug\link.3064-cvtres.write.1.tlog
D:\Documents\visualStudioWorkspace\DroneWarz\DroneWarz\Debug\link.3064-rc.read.1.tlog
D:\Documents\visualStudioWorkspace\DroneWarz\DroneWarz\Debug\link.3064-rc.write.1.tlog
D:\Documents\visualStudioWorkspace\DroneWarz\DroneWarz\Debug\link.3064.read.1.tlog
D:\Documents\visualStudioWorkspace\DroneWarz\DroneWarz\Debug\link.3064.write.1.tlog
D:\Documents\visualStudioWorkspace\DroneWarz\DroneWarz\Debug\link.5060-cvtres.read.1.tlog
D:\Documents\visualStudioWorkspace\DroneWarz\DroneWarz\Debug\link.5060-cvtres.write.1.tlog
D:\Documents\visualStudioWorkspace\DroneWarz\DroneWarz\Debug\link.5060-rc.read.1.tlog
D:\Documents\visualStudioWorkspace\DroneWarz\DroneWarz\Debug\link.5060-rc.write.1.tlog
D:\Documents\visualStudioWorkspace\DroneWarz\DroneWarz\Debug\link.5060.read.1.tlog
D:\Documents\visualStudioWorkspace\DroneWarz\DroneWarz\Debug\link.5060.write.1.tlog
D:\Documents\visualStudioWorkspace\DroneWarz\DroneWarz\Debug\link.5640-cvtres.read.1.tlog
D:\Documents\visualStudioWorkspace\DroneWarz\DroneWarz\Debug\link.5640-cvtres.write.1.tlog
D:\Documents\visualStudioWorkspace\DroneWarz\DroneWarz\Debug\link.5640-rc.read.1.tlog
D:\Documents\visualStudioWorkspace\DroneWarz\DroneWarz\Debug\link.5640-rc.write.1.tlog
D:\Documents\visualStudioWorkspace\DroneWarz\DroneWarz\Debug\link.5640.read.1.tlog
D:\Documents\visualStudioWorkspace\DroneWarz\DroneWarz\Debug\link.5640.write.1.tlog
D:\Documents\visualStudioWorkspace\DroneWarz\DroneWarz\Debug\link.command.1.tlog
D:\Documents\visualStudioWorkspace\DroneWarz\DroneWarz\Debug\link.read.1.tlog
D:\Documents\visualStudioWorkspace\DroneWarz\DroneWarz\Debug\link.write.1.tlog
D:\Documents\visualStudioWorkspace\DroneWarz\DroneWarz\Debug\vc110.idb
D:\Documents\visualStudioWorkspace\DroneWarz\DroneWarz\Debug\vc110.pdb
D:\Documents\visualStudioWorkspace\DroneWarz\Debug\DroneWarz.pdb
D:\Documents\visualStudioWorkspace\DroneWarz\Debug\DroneWarz.exe
D:\Documents\visualStudioWorkspace\DroneWarz\Debug\DroneWarz.ilk
